Minimum monthly visits: 1,000
Headless mode: True

====================================================================================================
🚀 Stage 1: Fast Check (Selenium)
====================================================================================================

✅ Found 313 target stores

Target stores:
  1. gomexus.com - 49,466 visits/month - Ningbo
  2. moeshouse.com - 44,170 visits/month - Wenzhou
  3. pumiey.net - 43,604 visits/month - Jinhua
  4. rpnbsafe.us - 43,435 visits/month - Ningbo
  5. www.beadablebliss.com - 41,287 visits/month - Jinhua
  6. rhinowalk.com - 41,266 visits/month - Hangzhou
  7. www.naturnest.com - 36,499 visits/month - Hangzhou
  8. www.sensarte.net - 36,314 visits/month - Wenzhou
  9. www.mewcats.com - 35,441 visits/month - Ningbo
  10. topens.com - 33,632 visits/month - Hangzhou
  11. www.changliev.com - 33,388 visits/month - Changzhou
  12. shuttleart.com - 33,092 visits/month - Hangzhou
  13. www.ievilenergy.com - 30,754 visits/month - Taizhou
  14. www.realsteelknives.com - 28,246 visits/month - Hangzhou
  15. eztattoosupply.com - 26,907 visits/month - Jinhua
  16. mall.sur-ron.com - 23,489 visits/month - Hangzhou
  17. www.giantex.com - 22,368 visits/month - Ningbo
  18. www.shopluebona.com - 21,871 visits/month - Hangzhou
  19. mideerart.com - 21,839 visits/month - Ningbo
  20. www.xbullauto.com - 21,093 visits/month - Ningbo
  21. usinepro.com - 20,744 visits/month - Hangzhou
  22. kawaiienvy.com - 20,215 visits/month - Jinhua
  23. www.aostirmotor.com - 20,215 visits/month - Changzhou
  24. dp200.yeswelder.com - 19,701 visits/month - Wenzhou
  25. dustsilver.com - 19,543 visits/month - Hangzhou
  26. 13demarzo.net - 18,776 visits/month - Hangzhou
  27. www.chinesesword.store - 17,760 visits/month - Lishui
  28. unitreefitness.com - 17,622 visits/month - Hangzhou
  29. thecottagecore.com - 17,379 visits/month - None
  30. www.intoyoucosmetics.com - 17,146 visits/month - Hangzhou
  31. bottlebottle.com - 17,046 visits/month - Hangzhou
  32. www.costzon.com - 17,008 visits/month - Ningbo
  33. www.graywindblinds.com - 16,659 visits/month - Changzhou
  34. rfiver.com - 16,596 visits/month - Ningbo
  35. www.devaise.com - 15,395 visits/month - Changzhou
  36. freedaresport.com - 15,379 visits/month - Lishui
  37. plushwonderland.com - 15,353 visits/month - Hangzhou
  38. www.acorpstyle.com - 14,829 visits/month - Jinhua
  39. ingrem.com - 14,554 visits/month - Ningbo
  40. www.ravinte.com - 14,522 visits/month - Wenzhou
  41. www.tangkula.com - 14,406 visits/month - Ningbo
  42. gelshadow.com - 14,173 visits/month - Hangzhou
  43. truetealife.com - 13,961 visits/month - Hangzhou
  44. www.calembou.com - 13,681 visits/month - Jiaxing
  45. flasharkracing.com - 12,527 visits/month - Hangzhou
  46. trekpower.com - 12,464 visits/month - Hangzhou
  47. hawink.com - 12,030 visits/month - Jinhua
  48. shop.unitree.com - 11,977 visits/month - Hangzhou
  49. diceofdragons.com - 11,861 visits/month - Hangzhou
  50. www.luckymanclubauto.com - 11,612 visits/month - Taizhou
  51. geeone.com - 11,543 visits/month - Wenzhou
  52. ccmom.cc - 11,453 visits/month - Hangzhou
  53. bellababy-med.com - 11,147 visits/month - Ningbo
  54. www.suncreatoutdoor.com - 10,766 visits/month - Ningbo
  55. pikapikatc.com - 10,649 visits/month - Shaoxing
  56. perfumeuae.ae - 10,470 visits/month - Hangzhou
  57. eusharon.com - 10,406 visits/month - Hangzhou
  58. newbrothread-official.com - 10,094 visits/month - Ningbo
  59. www.gaahleri.com - 10,062 visits/month - Ningbo
  60. vitessehome.com - 10,020 visits/month - Ningbo
  61. momyknows.com - 9,295 visits/month - Jinhua
  62. joycuff.com - 9,226 visits/month - Jinhua
  63. tatvida.com - 9,221 visits/month - Zhangzhou
  64. pqyperformance.com - 9,036 visits/month - Wenzhou
  65. yosepower.com - 9,020 visits/month - Huzhou
  66. www.chinese-showcase.com - 8,544 visits/month - Jinhua
  67. global.rokid.com - 8,522 visits/month - Hangzhou
  68. melodycharms.com - 8,449 visits/month - Hangzhou
  69. pcinfuns.com - 8,411 visits/month - Hangzhou
  70. www.dazzleaf.com - 8,295 visits/month - Hangzhou
  71. www.nattorkskates.com - 7,850 visits/month - Ningbo
  72. finetoo.com - 7,734 visits/month - Jinhua
  73. merrysvision.com - 7,655 visits/month - Wenzhou
  74. www.iyasson.com - 7,433 visits/month - Taizhou
  75. www.greendevilsafety.com - 7,417 visits/month - Ningbo
  76. www.bronctattoo.com - 7,258 visits/month - Jinhua
  77. carvinylsupplier.com - 7,009 visits/month - Hangzhou
  78. forious.com - 6,909 visits/month - Wenzhou
  79. www.jousenshoes.com - 6,676 visits/month - Wenzhou
  80. www.ouradventurebook.com - 6,512 visits/month - Taizhou
  81. addlonlighting.com - 6,470 visits/month - Ningbo
  82. www.beadsland.com - 6,443 visits/month - Jinhua
  83. www.jrdtools.com - 6,433 visits/month - Jiaxing
  84. www.alltopusa.com - 6,396 visits/month - Ningbo
  85. uk.rokid.com - 6,380 visits/month - Hangzhou
  86. www.acrabros.com - 6,152 visits/month - Shaoxing
  87. cosplaysky.ca - 6,031 visits/month - Hangzhou
  88. www.randysun.com - 5,999 visits/month - Hangzhou
  89. www.musegarden.com - 5,777 visits/month - Hangzhou
  90. store.yololiv.com - 5,597 visits/month - Hangzhou
  91. baomain.com - 5,565 visits/month - Wenzhou
  92. landofgenie.com - 5,528 visits/month - Jinhua
  93. infimech.com - 5,528 visits/month - Jinhua
  94. bpdoctormed.com - 5,396 visits/month - Hangzhou
  95. www.allewie.com - 5,369 visits/month - Ningbo
  96. www.nbd-direct.com - 5,237 visits/month - Ningbo
  97. levoite.com - 5,126 visits/month - Jinhua
  98. www.powryte.com - 5,084 visits/month - Hangzhou
  99. www.baseusclothing.com - 4,867 visits/month - Jinhua
  100. 3dflyingbear.com - 4,840 visits/month - Hangzhou
  101. www.wrapteck.com - 4,793 visits/month - Hangzhou
  102. mingfabricstore.com - 4,745 visits/month - Shaoxing
  103. wig-supplier.com - 4,718 visits/month - Jinhua
  104. subihair.com - 4,687 visits/month - Hangzhou
  105. honeypuffofficial.com - 4,634 visits/month - Jinhua
  106. www.chouyatou.com - 4,544 visits/month - Hangzhou
  107. dragoarttattoo.com - 4,502 visits/month - Lishui
  108. www.marcjanie.com - 4,502 visits/month - Hangzhou
  109. olyvogue.com - 4,422 visits/month - Hangzhou
  110. tefuaweweld.com - 4,311 visits/month - Hangzhou
  111. www.kvvsports.com - 4,274 visits/month - Ningbo
  112. www.ambition-tattoo.com - 4,211 visits/month - Jinhua
  113. kevincoco-official.com - 4,147 visits/month - Jinhua
  114. www.vicllax.com - 4,137 visits/month - Hangzhou
  115. www.fonirra.com - 4,121 visits/month - Ningbo
  116. www.vanlinkerstore.com - 4,073 visits/month - Wenzhou
  117. labebeclub.com - 4,004 visits/month - Hangzhou
  118. superwingshome.com - 3,920 visits/month - Hangzhou
  119. www.trikexplor.com - 3,898 visits/month - Jinhua
  120. www.dapuhome.com - 3,798 visits/month - Ningbo
  121. www.vekkia.com - 3,750 visits/month - Ningbo
  122. www.wholesalerhinestone.shop - 3,708 visits/month - Jinhua
  123. jp.rokid.com - 3,655 visits/month - Hangzhou
  124. www.aofar.com - 3,618 visits/month - Changzhou
  125. www.teyvatavern.com - 3,613 visits/month - Hangzhou
  126. www.bseed.com - 3,613 visits/month - Hangzhou
  127. spsfurntiure.com - 3,571 visits/month - Ningbo
  128. jfgmotor.com - 3,475 visits/month - Jinhua
  129. www.jewelrypersonalizer.com - 3,449 visits/month - Jinhua
  130. www.domedbazaar.com - 3,359 visits/month - Jinhua
  131. www.suprus.com - 3,327 visits/month - Wenzhou
  132. www.inginuity-time.com - 3,327 visits/month - Wenzhou
  133. www.skirfy.com - 3,295 visits/month - Zhangzhou
  134. www.kipalm.com - 3,274 visits/month - Jinhua
  135. aecojoyshop.com - 3,253 visits/month - Jinhua
  136. eisenlink.com - 3,227 visits/month - Ningbo
  137. veposeshoes.com - 3,195 visits/month - Wenzhou
  138. www.knoweasytool.com - 3,179 visits/month - Wenzhou
  139. melipron.com - 3,174 visits/month - Changzhou
  140. www.mrimin.com - 3,131 visits/month - Hangzhou
  141. northaircool.com - 3,126 visits/month - Ningbo
  142. ancosti.com - 3,089 visits/month - None
  143. www.weasts.com - 3,073 visits/month - Jinhua
  144. honestlighters.com - 3,063 visits/month - Wenzhou
  145. china-shijia.com - 3,057 visits/month - Ningbo
  146. tentproinc.com - 3,047 visits/month - Jiaxing
  147. www.daierswitches.com - 3,031 visits/month - Wenzhou
  148. reveuseblender.com - 3,015 visits/month - Ningbo
  149. oakstills.com - 3,004 visits/month - Wenzhou
  150. yimobra.com - 2,951 visits/month - Jinhua
  151. www.fly-freely.com - 2,946 visits/month - Hangzhou
  152. www.shopsouthernivy.com - 2,935 visits/month - Huzhou
  153. www.rybhome.com - 2,914 visits/month - Shaoxing
  154. uk.bottlebottle.com - 2,904 visits/month - Hangzhou
  155. innersy.com - 2,878 visits/month - Hangzhou
  156. heschen.com - 2,846 visits/month - Wenzhou
  157. cecle.net - 2,814 visits/month - Wenzhou
  158. dorishomecard.com - 2,814 visits/month - Jinhua
  159. jcloudscentworld.com - 2,803 visits/month - Ningbo
  160. www.luckysonar.com - 2,740 visits/month - Jinhua
  161. moonwoodwear.com - 2,729 visits/month - Jinhua
  162. www.viozonstore.com - 2,666 visits/month - Hangzhou
  163. www.kdeam.com - 2,655 visits/month - Jinhua
  164. www.topcarstesla.com - 2,655 visits/month - Jinhua
  165. www.cnhairaccessories.com - 2,586 visits/month - Jinhua
  166. grmontrewatches.com - 2,581 visits/month - Wenzhou
  167. joymoop.net - 2,571 visits/month - Ningbo
  168. www.babyjoykids.com - 2,539 visits/month - Jinhua
  169. www.apiele.com - 2,528 visits/month - Wenzhou
  170. backdrop2go.com - 2,528 visits/month - Changzhou
  171. urvc.shop - 2,523 visits/month - Jinhua
  172. us.joyoung.com - 2,523 visits/month - Hangzhou
  173. www.tonycandice.com - 2,496 visits/month - Hangzhou
  174. www.jinchanrugs.com - 2,470 visits/month - Hangzhou
  175. www.ultimateworks.net - 2,470 visits/month - Hangzhou
  176. www.cosplayclan.com - 2,465 visits/month - Hangzhou
  177. www.techwearnow.com - 2,444 visits/month - Hangzhou
  178. www.xidibei.com - 2,433 visits/month - Wenzhou
  179. golfgentry.com - 2,428 visits/month - None
  180. www.4fungift.com - 2,417 visits/month - Hangzhou
  181. aizulhomey.com - 2,385 visits/month - Taizhou
  182. www.loosoostore.com - 2,380 visits/month - Wenzhou
  183. woosir.com - 2,380 visits/month - Hangzhou
  184. www.soing.org - 2,375 visits/month - Hangzhou
  185. vatpave.com - 2,338 visits/month - Hangzhou
  186. panckydetectors.com - 2,327 visits/month - Ningbo
  187. www.rheintattoosupply.com - 2,327 visits/month - Hangzhou
  188. www.aorunning.com - 2,311 visits/month - Zhoushan
  189. www.bearhard.top - 2,306 visits/month - Hangzhou
  190. www.gippstore.com - 2,295 visits/month - Jinhua
  191. wanhao.store - 2,290 visits/month - Hangzhou
  192. www.mayspareparts.com - 2,290 visits/month - Wenzhou
  193. wdpart.com - 2,285 visits/month - Hangzhou
  194. www.mrsiga.com - 2,200 visits/month - Ningbo
  195. www.jdmspeedmotor.com - 2,179 visits/month - Wenzhou
  196. reliableinverters.com - 2,131 visits/month - Wenzhou
  197. www.tdchinges.com - 2,121 visits/month - Jiaxing
  198. www.ironjias.com - 2,121 visits/month - Jinhua
  199. hooloodistill.com - 2,116 visits/month - Hangzhou
  200. westlakechef.com - 2,116 visits/month - Hangzhou
  201. www.kaboondesk.com - 2,105 visits/month - Hangzhou
  202. bestoffice.com - 2,063 visits/month - Hangzhou
  203. www.hikenture.com - 2,052 visits/month - Ningbo
  204. noblemood.com - 2,041 visits/month - Ningbo
  205. rvguardstore.com - 2,031 visits/month - Hangzhou
  206. motpkgame.com - 2,026 visits/month - Ningbo
  207. hawkwellonline.com - 2,026 visits/month - Taizhou
  208. www.pwaccs.com - 2,010 visits/month - Taizhou
  209. dragonlightstore.com - 1,999 visits/month - Wenzhou
  210. sunvivi.com - 1,989 visits/month - Ningbo
  211. www.youtopoptical.com - 1,973 visits/month - Wenzhou
  212. aostirmotor.bike - 1,968 visits/month - Changzhou
  213. eu.linovision.com - 1,957 visits/month - Hangzhou
  214. global.linovision.com - 1,957 visits/month - Hangzhou
  215. www.moonseasleep.com - 1,930 visits/month - Hangzhou
  216. h-versailtex.com - 1,920 visits/month - Shaoxing
  217. de.mideerart.com - 1,893 visits/month - Ningbo
  218. eu.bottlebottle.com - 1,893 visits/month - Hangzhou
  219. jadenature.com - 1,877 visits/month - Hangzhou
  220. www.antelaglobal.com - 1,877 visits/month - Hangzhou
  221. www.gkeemars.com - 1,851 visits/month - Wenzhou
  222. www.cxwxc.com - 1,809 visits/month - Jinhua
  223. mogusuit.com - 1,793 visits/month - Hangzhou
  224. neoeco-airbrush.com - 1,772 visits/month - Ningbo
  225. sweejar.com - 1,767 visits/month - Hangzhou
  226. www.surfcuz.com - 1,714 visits/month - Changzhou
  227. yifanzhang.fans - 1,703 visits/month - Ningbo
  228. feversole.com - 1,698 visits/month - Hangzhou
  229. sleepmdog.com - 1,687 visits/month - Jinhua
  230. fullovenail.com - 1,687 visits/month - Hangzhou
  231. de-de.tromox.com - 1,682 visits/month - Hangzhou
  232. fr-fr.tromox.com - 1,682 visits/month - Hangzhou
  233. www.medasia.store - 1,676 visits/month - None
  234. tivoliknife.com - 1,676 visits/month - Jinhua
  235. elitetattoo.com - 1,655 visits/month - Jinhua
  236. www.xdeersafe.com - 1,623 visits/month - Ningbo
  237. pupteck.com - 1,618 visits/month - Jiaxing
  238. www.ufqaviation.com - 1,608 visits/month - Ningbo
  239. www.jogal.com - 1,608 visits/month - Hangzhou
  240. herodaughter.com - 1,597 visits/month - Jinhua
  241. geekpure.cc - 1,592 visits/month - Ningbo
  242. xnettattoosupply.com - 1,581 visits/month - Jinhua
  243. claybeadstore.com - 1,581 visits/month - Jinhua
  244. www.icebathclub.com - 1,576 visits/month - Hangzhou
  245. happyflute.com - 1,555 visits/month - Hangzhou
  246. boentools.com - 1,539 visits/month - Ningbo
  247. www.maidesite.de - 1,534 visits/month - Hangzhou
  248. rushfpv.net - 1,528 visits/month - Changzhou
  249. maksone.com - 1,502 visits/month - Ningbo
  250. lnowsport.com - 1,502 visits/month - Hangzhou
  251. sunkiss.care - 1,486 visits/month - Hangzhou
  252. www.bololo.net - 1,460 visits/month - Ningbo
  253. www.hummingbirdrotary.com - 1,460 visits/month - Jinhua
  254. www.realsteelknives.de - 1,460 visits/month - Hangzhou
  255. broaddict.com - 1,454 visits/month - Changzhou
  256. umaystore.com - 1,449 visits/month - Hangzhou
  257. www.icoloured.com - 1,444 visits/month - Wenzhou
  258. www.zjpaddle.com - 1,438 visits/month - Hangzhou
  259. www.measureman.com - 1,422 visits/month - Ningbo
  260. clostnature.com - 1,422 visits/month - Jinhua
  261. bshetrunderwear.com - 1,407 visits/month - Jinhua
  262. mooxno.com - 1,407 visits/month - Taizhou
  263. reechohair.com - 1,385 visits/month - Jinhua
  264. www.jinchancurtain.com - 1,359 visits/month - Hangzhou
  265. somiliss.com - 1,354 visits/month - Wenzhou
  266. www.katbite.com - 1,354 visits/month - Hangzhou
  267. waystudios.shop - 1,349 visits/month - Ningbo
  268. jeeteehome.com - 1,349 visits/month - Jinhua
  269. www.sellgoodcar.com - 1,322 visits/month - Hangzhou
  270. www.urbandrift.com - 1,306 visits/month - Taizhou
  271. headaklife.com - 1,301 visits/month - Hangzhou
  272. mrbite.net - 1,290 visits/month - Jinhua
  273. apsmile.com - 1,285 visits/month - Hangzhou
  274. inrosy.com - 1,274 visits/month - Jinhua
  275. astracycle.com - 1,269 visits/month - Hangzhou
  276. thermaestudio.com - 1,243 visits/month - Hangzhou
  277. www.mywelford.com - 1,243 visits/month - Hangzhou
  278. mambobaby.shop - 1,237 visits/month - Jinhua
  279. mare-azzuro.com - 1,237 visits/month - Wenzhou
  280. www.phoeracosmetics.com - 1,237 visits/month - Jinhua
  281. magnet-pro.com - 1,232 visits/month - Ningbo
  282. akmax.shop - 1,232 visits/month - Hangzhou
  283. www.gookishop.com - 1,227 visits/month - Hangzhou
  284. www.gradodesign.us - 1,216 visits/month - Hangzhou
  285. www.minimalgadget.com - 1,216 visits/month - Hangzhou
  286. www.sunshine-fishing.com - 1,211 visits/month - Hangzhou
  287. www.mummytattoos.com - 1,211 visits/month - Jinhua
  288. everyfite.com - 1,206 visits/month - Jinhua
  289. www.fabricangie.com - 1,206 visits/month - Jinhua
  290. ikalicostume.com - 1,200 visits/month - Jiaxing
  291. babyexo.com - 1,190 visits/month - Jinhua
